Step: build-step-credential-initializer-w8qvq:

{"level":"warn","ts":1555752788.8616118,"logger":"fallback-logger","caller":"logging/config.go:65","msg":"Fetch GitHub commit ID from kodata failed: \"ref: refs/heads/backport-container-name-fix\" is not a valid GitHub commit ID"}
{"level":"info","ts":1555752788.8627193,"logger":"fallback-logger","caller":"creds-init/main.go:40","msg":"Credentials initialized."}
Step: build-step-git-source-*********-devopspringapp-master-c65fs:

{"level":"warn","ts":1555752789.4647844,"logger":"fallback-logger","caller":"logging/config.go:65","msg":"Fetch GitHub commit ID from kodata failed: \"ref: refs/heads/backport-container-name-fix\" is not a valid GitHub commit ID"}
{"level":"info","ts":1555752790.7238219,"logger":"fallback-logger","caller":"git-init/main.go:99","msg":"Successfully cloned \"https://github.com/*********/devopspringapp\" @ \"v0.0.1\" in path \"/workspace/source\""}
Step: build-step-place-tools:

Step: build-step-git-merge:

Warning failed to load version: failed to parse version -dev+9e73adc0b: No Major.Minor.Patch elements found
time="2019-04-20T09:33:13Z" level=info msg="got "
Using SHAs from PULL_REFS=master:
time="2019-04-20T09:33:13Z" level=warning msg="no SHAs to merge, falling back to initial cloned commit"
Step: build-step-setup-**-git-credentials:

{"level":"info","msg":"Generated Git credentials file /workspace/xdg_config/git/credentials\n","time":"2019-04-20T09:33:16Z"}
Step: build-step-build-mvn-deploy:

Picked up _JAVA_OPTIONS: -XX:+UnlockExperimentalVMOptions -XX:+UseCGroupMemoryLimitForHeap -Dsun.zip.disableMemoryMapping=true -XX:+UseParallelGC -XX:MinHeapFreeRatio=5 -XX:MaxHeapFreeRatio=10 -XX:GCTimeRatio=4 -XX:AdaptiveSizePolicyWeight=90 -Xms10m -Xmx192m
OpenJDK 64-Bit Server VM warning: If the number of processors is expected to increase from one, then you should configure the number of parallel GC threads appropriately using -XX:ParallelGCThreads=N
[INFO] Scanning for projects...
[INFO] 
[INFO] ---------------------< com.example:devopspringapp >---------------------
[INFO] Building demo 0.0.1
[INFO] --------------------------------[ jar ]---------------------------------
[INFO] 
[INFO] --- maven-clean-plugin:3.1.0:clean (default-clean) @ devopspringapp ---
[INFO] 
[INFO] --- maven-resources-plugin:3.1.0:resources (default-resources) @ devopspringapp ---
[INFO] Using 'UTF-8' encoding to copy filtered resources.
[INFO] Copying 1 resource
[INFO] Copying 0 resource
[INFO] 
[INFO] --- maven-compiler-plugin:3.8.0:compile (default-compile) @ devopspringapp ---
[INFO] Nothing to compile - all classes are up to date
[INFO] 
[INFO] --- kotlin-maven-plugin:1.2.71:compile (compile) @ devopspringapp ---
[INFO] Applied plugin: 'spring'
[INFO] 
[INFO] --- maven-resources-plugin:3.1.0:testResources (default-testResources) @ devopspringapp ---
[INFO] Using 'UTF-8' encoding to copy filtered resources.
[INFO] skip non existing resourceDirectory /workspace/source/src/test/resources
[INFO] 
[INFO] --- maven-compiler-plugin:3.8.0:testCompile (default-testCompile) @ devopspringapp ---
[INFO] Nothing to compile - all classes are up to date
[INFO] 
[INFO] --- kotlin-maven-plugin:1.2.71:test-compile (test-compile) @ devopspringapp ---
[WARNING] Source root doesn't exist: /workspace/source/target/generated-test-sources/test-annotations
[INFO] Applied plugin: 'spring'
[INFO] 
[INFO] --- maven-surefire-plugin:3.0.0-M1:test (default-test) @ devopspringapp ---
[INFO] 
[INFO] -------------------------------------------------------
[INFO]  T E S T S
[INFO] -------------------------------------------------------
[INFO] Running com.example.devopspringapp.DemoApplicationTests
09:33:51.566 [main] DEBUG org.springframework.test.context.junit4.SpringJUnit4ClassRunner - SpringJUnit4ClassRunner constructor called with [class com.example.devopspringapp.DemoApplicationTests]
09:33:51.581 [main] DEBUG org.springframework.test.context.BootstrapUtils - Instantiating CacheAwareContextLoaderDelegate from class [org.springframework.test.context.cache.DefaultCacheAwareContextLoaderDelegate]
09:33:51.592 [main] DEBUG org.springframework.test.context.BootstrapUtils - Instantiating BootstrapContext using constructor [public org.springframework.test.context.support.DefaultBootstrapContext(java.lang.Class,org.springframework.test.context.CacheAwareContextLoaderDelegate)]
09:33:51.630 [main] DEBUG org.springframework.test.context.BootstrapUtils - Instantiating TestContextBootstrapper for test class [com.example.devopspringapp.DemoApplicationTests] from class [org.springframework.boot.test.context.SpringBootTestContextBootstrapper]
09:33:51.647 [main] INFO org.springframework.boot.test.context.SpringBootTestContextBootstrapper - Neither @ContextConfiguration nor @ContextHierarchy found for test class [com.example.devopspringapp.DemoApplicationTests], using SpringBootContextLoader
09:33:51.653 [main] DEBUG org.springframework.test.context.support.AbstractContextLoader - Did not detect default resource location for test class [com.example.devopspringapp.DemoApplicationTests]: class path resource [com/example/devopspringapp/DemoApplicationTests-context.xml] does not exist
09:33:51.657 [main] DEBUG org.springframework.test.context.support.AbstractContextLoader - Did not detect default resource location for test class [com.example.devopspringapp.DemoApplicationTests]: class path resource [com/example/devopspringapp/DemoApplicationTestsContext.groovy] does not exist
09:33:51.658 [main] INFO org.springframework.test.context.support.AbstractContextLoader - Could not detect default resource locations for test class [com.example.devopspringapp.DemoApplicationTests]: no resource found for suffixes {-context.xml, Context.groovy}.
09:33:51.659 [main] INFO org.springframework.test.context.support.AnnotationConfigContextLoaderUtils - Could not detect default configuration classes for test class [com.example.devopspringapp.DemoApplicationTests]: DemoApplicationTests does not declare any static, non-private, non-final, nested classes annotated with @Configuration.
09:33:51.750 [main] DEBUG org.springframework.test.context.support.ActiveProfilesUtils - Could not find an 'annotation declaring class' for annotation type [org.springframework.test.context.ActiveProfiles] and class [com.example.devopspringapp.DemoApplicationTests]
09:33:51.911 [main] DEBUG org.springframework.context.annotation.ClassPathScanningCandidateComponentProvider - Identified candidate component class: file [/workspace/source/target/classes/com/example/devopspringapp/DemoApplication.class]
09:33:51.918 [main] INFO org.springframework.boot.test.context.SpringBootTestContextBootstrapper - Found @SpringBootConfiguration com.example.devopspringapp.DemoApplication for test class com.example.devopspringapp.DemoApplicationTests
09:33:52.126 [main] DEBUG org.springframework.boot.test.context.SpringBootTestContextBootstrapper - @TestExecutionListeners is not present for class [com.example.devopspringapp.DemoApplicationTests]: using defaults.
09:33:52.127 [main] INFO org.springframework.boot.test.context.SpringBootTestContextBootstrapper - Loaded default TestExecutionListener class names from location [META-INF/spring.factories]: [org.springframework.boot.test.mock.mockito.MockitoTestExecutionListener, org.springframework.boot.test.mock.mockito.ResetMocksTestExecutionListener, org.springframework.boot.test.autoconfigure.restdocs.RestDocsTestExecutionListener, org.springframework.boot.test.autoconfigure.web.client.MockRestServiceServerResetTestExecutionListener, org.springframework.boot.test.autoconfigure.web.servlet.MockMvcPrintOnlyOnFailureTestExecutionListener, org.springframework.boot.test.autoconfigure.web.servlet.WebDriverTestExecutionListener, org.springframework.test.context.web.ServletTestExecutionListener, org.springframework.test.context.support.DirtiesContextBeforeModesTestExecutionListener, org.springframework.test.context.support.DependencyInjectionTestExecutionListener, org.springframework.test.context.support.DirtiesContextTestExecutionListener, org.springframework.test.context.transaction.TransactionalTestExecutionListener, org.springframework.test.context.jdbc.SqlScriptsTestExecutionListener]
09:33:52.162 [main] DEBUG org.springframework.boot.test.context.SpringBootTestContextBootstrapper - Skipping candidate TestExecutionListener [org.springframework.test.context.transaction.TransactionalTestExecutionListener] due to a missing dependency. Specify custom listener classes or make the default listener classes and their required dependencies available. Offending class: [org/springframework/transaction/TransactionDefinition]
09:33:52.170 [main] DEBUG org.springframework.boot.test.context.SpringBootTestContextBootstrapper - Skipping candidate TestExecutionListener [org.springframework.test.context.jdbc.SqlScriptsTestExecutionListener] due to a missing dependency. Specify custom listener classes or make the default listener classes and their required dependencies available. Offending class: [org/springframework/transaction/interceptor/TransactionAttribute]
09:33:52.170 [main] INFO org.springframework.boot.test.context.SpringBootTestContextBootstrapper - Using TestExecutionListeners: [org.springframework.test.context.web.ServletTestExecutionListener@4a94ee4, org.springframework.test.context.support.DirtiesContextBeforeModesTestExecutionListener@4cc451f2, org.springframework.boot.test.mock.mockito.MockitoTestExecutionListener@6379eb, org.springframework.boot.test.autoconfigure.SpringBootDependencyInjectionTestExecutionListener@294425a7, org.springframework.test.context.support.DirtiesContextTestExecutionListener@67d48005, org.springframework.boot.test.mock.mockito.ResetMocksTestExecutionListener@9f116cc, org.springframework.boot.test.autoconfigure.restdocs.RestDocsTestExecutionListener@12468a38, org.springframework.boot.test.autoconfigure.web.client.MockRestServiceServerResetTestExecutionListener@1aa7ecca, org.springframework.boot.test.autoconfigure.web.servlet.MockMvcPrintOnlyOnFailureTestExecutionListener@59309333, org.springframework.boot.test.autoconfigure.web.servlet.WebDriverTestExecutionListener@5876a9af]
09:33:52.174 [main] DEBUG org.springframework.test.annotation.ProfileValueUtils - Retrieved @ProfileValueSourceConfiguration [null] for test class [com.example.devopspringapp.DemoApplicationTests]
09:33:52.175 [main] DEBUG org.springframework.test.annotation.ProfileValueUtils - Retrieved ProfileValueSource type [class org.springframework.test.annotation.SystemProfileValueSource] for class [com.example.devopspringapp.DemoApplicationTests]
09:33:52.177 [main] DEBUG org.springframework.test.annotation.ProfileValueUtils - Retrieved @ProfileValueSourceConfiguration [null] for test class [com.example.devopspringapp.DemoApplicationTests]
09:33:52.177 [main] DEBUG org.springframework.test.annotation.ProfileValueUtils - Retrieved ProfileValueSource type [class org.springframework.test.annotation.SystemProfileValueSource] for class [com.example.devopspringapp.DemoApplicationTests]
09:33:52.179 [main] DEBUG org.springframework.test.annotation.ProfileValueUtils - Retrieved @ProfileValueSourceConfiguration [null] for test class [com.example.devopspringapp.DemoApplicationTests]
09:33:52.179 [main] DEBUG org.springframework.test.annotation.ProfileValueUtils - Retrieved ProfileValueSource type [class org.springframework.test.annotation.SystemProfileValueSource] for class [com.example.devopspringapp.DemoApplicationTests]
09:33:52.188 [main] DEBUG org.springframework.test.context.support.AbstractDirtiesContextTestExecutionListener - Before test class: context [DefaultTestContext@74fe5c40 testClass = DemoApplicationTests, testInstance = [null], testMethod = [null], testException = [null], mergedContextConfiguration = [WebMergedContextConfiguration@3febb011 testClass = DemoApplicationTests, locations = '{}', classes = '{class com.example.devopspringapp.DemoApplication}', contextInitializerClasses = '[]', activeProfiles = '{}', propertySourceLocations = '{}', propertySourceProperties = '{org.springframework.boot.test.context.SpringBootTestContextBootstrapper=true}', contextCustomizers = set[org.springframework.boot.test.context.filter.ExcludeFilterContextCustomizer@3d921e20, org.springframework.boot.test.json.DuplicateJsonObjectContextCustomizerFactory$DuplicateJsonObjectContextCustomizer@1a1d6a08, org.springframework.boot.test.mock.mockito.MockitoContextCustomizer@0, org.springframework.boot.test.web.client.TestRestTemplateContextCustomizer@12cdcf4, org.springframework.boot.test.web.reactive.server.WebTestClientContextCustomizer@46daef40, org.springframework.boot.test.autoconfigure.properties.PropertyMappingContextCustomizer@0, org.springframework.boot.test.autoconfigure.web.servlet.WebDriverContextCustomizerFactory$Customizer@462d5aee], resourceBasePath = 'src/main/webapp', contextLoader = 'org.springframework.boot.test.context.SpringBootContextLoader', parent = [null]], attributes = map['org.springframework.test.context.web.ServletTestExecutionListener.activateListener' -> true]], class annotated with @DirtiesContext [false] with mode [null].
09:33:52.189 [main] DEBUG org.springframework.test.annotation.ProfileValueUtils - Retrieved @ProfileValueSourceConfiguration [null] for test class [com.example.devopspringapp.DemoApplicationTests]
09:33:52.190 [main] DEBUG org.springframework.test.annotation.ProfileValueUtils - Retrieved ProfileValueSource type [class org.springframework.test.annotation.SystemProfileValueSource] for class [com.example.devopspringapp.DemoApplicationTests]
09:33:52.247 [main] DEBUG org.springframework.test.context.support.TestPropertySourceUtils - Adding inlined properties to environment: {spring.jmx.enabled=false, org.springframework.boot.test.context.SpringBootTestContextBootstrapper=true, server.port=-1}

  .   ____          _            __ _ _
 /\\ / ___'_ __ _ _(_)_ __  __ _ \ \ \ \
( ( )\___ | '_ | '_| | '_ \/ _` | \ \ \ \
 \\/  ___)| |_)| | | | | || (_| |  ) ) ) )
  '  |____| .__|_| |_|_| |_\__, | / / / /
 =========|_|==============|___/=/_/_/_/
 :: Spring Boot ::        (v2.1.4.RELEASE)

2019-04-20 09:33:52.918  INFO 84 --- [           main] c.e.devopspringapp.DemoApplicationTests  : Starting DemoApplicationTests on *********-devopspringapp-master-1-from-build-pack-rtrjp-pod-9b4 with PID 84 (started by root in /workspace/source)
2019-04-20 09:33:52.923  INFO 84 --- [           main] c.e.devopspringapp.DemoApplicationTests  : No active profile set, falling back to default profiles: default
2019-04-20 09:33:58.876  INFO 84 --- [           main] o.s.s.concurrent.ThreadPoolTaskExecutor  : Initializing ExecutorService 'applicationTaskExecutor'
2019-04-20 09:34:01.468  INFO 84 --- [           main] o.s.b.a.e.web.EndpointLinksResolver      : Exposing 2 endpoint(s) beneath base path '/actuator'
2019-04-20 09:34:01.592  INFO 84 --- [           main] c.e.devopspringapp.DemoApplicationTests  : Started DemoApplicationTests in 9.314 seconds (JVM running for 10.841)
[INFO] Tests run: 1, Failures: 0, Errors: 0, Skipped: 0, Time elapsed: 10.598 s - in com.example.devopspringapp.DemoApplicationTests
2019-04-20 09:34:01.961  INFO 84 --- [       Thread-2] o.s.s.concurrent.ThreadPoolTaskExecutor  : Shutting down ExecutorService 'applicationTaskExecutor'
[INFO] 
[INFO] Results:
[INFO] 
[INFO] Tests run: 1, Failures: 0, Errors: 0, Skipped: 0
[INFO] 
[INFO] 
[INFO] --- maven-jar-plugin:3.1.1:jar (default-jar) @ devopspringapp ---
[INFO] Building jar: /workspace/source/target/devopspringapp-0.0.1.jar
[INFO] 
[INFO] --- spring-boot-maven-plugin:2.1.4.RELEASE:repackage (repackage) @ devopspringapp ---
[INFO] Replacing main artifact with repackaged archive
[INFO] 
[INFO] --- maven-install-plugin:2.5.2:install (default-install) @ devopspringapp ---
[INFO] Installing /workspace/source/target/devopspringapp-0.0.1.jar to /root/.mvnrepository/com/example/devopspringapp/0.0.1/devopspringapp-0.0.1.jar
[INFO] Installing /workspace/source/pom.xml to /root/.mvnrepository/com/example/devopspringapp/0.0.1/devopspringapp-0.0.1.pom
[INFO] 
[INFO] --- maven-deploy-plugin:2.8.2:deploy (default-deploy) @ devopspringapp ---
[INFO] Using alternate deployment repository nexus::default::http://nexus/repository/maven-releases/
[INFO] ------------------------------------------------------------------------
[INFO] BUILD SUCCESS
[INFO] ------------------------------------------------------------------------
[INFO] Total time: 46.571 s
[INFO] Finished at: 2019-04-20T09:34:07Z
[INFO] ------------------------------------------------------------------------
Step: build-step-build-skaffold-version:

v0.26.0
Step: build-step-build-container-build:

[36mINFO[0m[0000] Downloading base image openjdk:8-jdk-slim    
ERROR: logging before flag.Parse: E0420 09:34:11.403719       9 metadata.go:142] while reading 'google-dockercfg' metadata: http status code: 404 while fetching url http://metadata.google.internal./computeMetadata/v1/instance/attributes/google-dockercfg
ERROR: logging before flag.Parse: E0420 09:34:11.406104       9 metadata.go:159] while reading 'google-dockercfg-url' metadata: http status code: 404 while fetching url http://metadata.google.internal./computeMetadata/v1/instance/attributes/google-dockercfg-url
2019/04/20 09:34:11 No matching credentials were found, falling back on anonymous
[36mINFO[0m[0002] Error while retrieving image from cache: getting file info: stat /workspace/sha256:5b775869f9de8083dac219760c64ced22d0b6c31545244b1ef63837e5a9c5507: no such file or directory 
[36mINFO[0m[0002] Downloading base image openjdk:8-jdk-slim    
2019/04/20 09:34:14 No matching credentials were found, falling back on anonymous
[36mINFO[0m[0004] cmd: EXPOSE                                  
[36mINFO[0m[0004] Adding exposed port: 8080/tcp                
[36mINFO[0m[0004] Using files from context: [/workspace/source/pom.xml] 
[36mINFO[0m[0004] Using files from context: [/workspace/source/target/devopspringapp-0.0.1.jar] 
[36mINFO[0m[0004] Skipping unpacking as no commands require it. 
[36mINFO[0m[0004] Taking snapshot of full filesystem...        
[36mINFO[0m[0004] ENV PORT 8080                                
[36mINFO[0m[0004] No files changed in this command, skipping snapshotting. 
[36mINFO[0m[0004] ENV CLASSPATH /opt/lib                       
[36mINFO[0m[0004] No files changed in this command, skipping snapshotting. 
[36mINFO[0m[0004] EXPOSE 8080                                  
[36mINFO[0m[0004] cmd: EXPOSE                                  
[36mINFO[0m[0004] Adding exposed port: 8080/tcp                
[36mINFO[0m[0004] No files changed in this command, skipping snapshotting. 
[36mINFO[0m[0004] Using files from context: [/workspace/source/pom.xml] 
[36mINFO[0m[0004] COPY pom.xml target/lib* /opt/lib/           
[36mINFO[0m[0004] Taking snapshot of files...                  
[36mINFO[0m[0004] Using files from context: [/workspace/source/target/devopspringapp-0.0.1.jar] 
[36mINFO[0m[0004] COPY target/*.jar /opt/app.jar               
[36mINFO[0m[0004] Taking snapshot of files...                  
[36mINFO[0m[0005] WORKDIR /opt                                 
[36mINFO[0m[0005] cmd: workdir                                 
[36mINFO[0m[0005] Changed working directory to /opt            
[36mINFO[0m[0005] No files changed in this command, skipping snapshotting. 
[36mINFO[0m[0005] CMD ["java", "-XX:+UnlockExperimentalVMOptions", "-XX:+UseCGroupMemoryLimitForHeap", "-jar", "app.jar"] 
[36mINFO[0m[0005] No files changed in this command, skipping snapshotting. 
2019/04/20 09:34:16 pushed blob: sha256:ef8a19d096df5154760357215240751026678b88c6c086db89f543d2f81a0b3a
2019/04/20 09:34:16 pushed blob: sha256:95479767e460faa917b9c27f9a8cfd00d1c32e23e1bb93f1c5d5248992f2c3a4
2019/04/20 09:34:16 pushed blob: sha256:9b053055f644af725a07611b2e29b1d9aa52bf8bd04db344ca086794cbe523cb
2019/04/20 09:34:17 pushed blob: sha256:a626e37f7a14de5cd73f0525bc777a3143389b28f605cee3ab8f4342cce9450d
2019/04/20 09:34:17 pushed blob: sha256:9019de9fce5f74bfb1abcbec71bbcb5c81916617cc4697889772607263281abc
2019/04/20 09:34:17 pushed blob: sha256:16d944e3d00df7bedd2f9a6aa678132a1fb785f7d56b16fdf24c22d5c7c3b7a1
2019/04/20 09:34:18 pushed blob: sha256:27833a3ba0a545deda33bb01eaf95a14d05d43bf30bce9267d92d17f069fe897
2019/04/20 09:34:18 pushed blob: sha256:1c80aca6b8ec87a87c2200276a5e098ed72ca708e8befa0b8951e019be98a90c
2019/04/20 09:34:18 10.11.247.124:5000/*********/devopspringapp:0.0.1: digest: sha256:1bc190750a581ea23771939a4fb33e637acb70b50ed231a07d58513d7022b9d9 size: 1403
Step: build-step-build-post-build:

{"level":"info","msg":"no CVE provider running in the current ** namespace so skip adding image to be analysed","time":"2019-04-20T09:34:20Z"}
Step: build-step-promote-changelog:

{"level":"info","msg":"Converted /workspace/source/charts/devopspringapp to an unshallow repository\n","time":"2019-04-20T09:34:26Z"}
{"level":"info","msg":"Generating change log from git ref f66e05df7f0eb6fcee4bf96592e4d462cfbc45bf =\u003e 6dac43fd3b75cf2582790b69f3b394650277c603\n","time":"2019-04-20T09:34:26Z"}
{"level":"warning","msg":"Failed to enrich commits with issues: User.jenkins.io \"\" is invalid: metadata.name: Required value: name or generateName is required\n","time":"2019-04-20T09:34:26Z"}
{"level":"warning","msg":"Failed to enrich commits with issues: User.jenkins.io \"\" is invalid: metadata.name: Required value: name or generateName is required\n","time":"2019-04-20T09:34:26Z"}
{"level":"info","msg":"Finding issues in commit messages using git format\n","time":"2019-04-20T09:34:26Z"}
{"level":"warning","msg":"No release found for *********/devopspringapp and tag v0.0.1 so creating a new release\n","time":"2019-04-20T09:34:27Z"}
{"level":"info","msg":"Updated the release information at https://github.com/*********/devopspringapp/releases/tag/v0.0.1\n","time":"2019-04-20T09:34:28Z"}
{"level":"info","msg":"generated: /workspace/source/charts/devopspringapp/templates/release.yaml\n","time":"2019-04-20T09:34:28Z"}
{"level":"info","msg":"Created Release devopspringapp-0-0-1 resource in namespace **\n","time":"2019-04-20T09:34:28Z"}
{"level":"info","msg":"Updating PipelineActivity *********-devopspringapp-master-1 with version 0.0.1\n","time":"2019-04-20T09:34:28Z"}
{"level":"info","msg":"Updated PipelineActivities *********-devopspringapp-master-1 with release notes URL: https://github.com/*********/devopspringapp/releases/tag/v0.0.1\n","time":"2019-04-20T09:34:28Z"}
Step: build-step-promote-helm-release:

{"level":"warning","msg":"No $CHART_REPOSITORY defined so using the default value of: http://jenkins-x-chartmuseum:8080\n","time":"2019-04-20T09:34:30Z"}
{"level":"info","msg":"Adding missing Helm repo: chartmuseum.jenkins-x.io http://chartmuseum.jenkins-x.io\n","time":"2019-04-20T09:34:31Z"}
{"level":"info","msg":"Successfully added Helm repository chartmuseum.jenkins-x.io.\n","time":"2019-04-20T09:34:32Z"}
{"level":"info","msg":"Adding missing Helm repo: jenkins-x-chartmuseum http://jenkins-x-chartmuseum:8080\n","time":"2019-04-20T09:34:32Z"}
{"level":"info","msg":"Successfully added Helm repository jenkins-x-chartmuseum.\n","time":"2019-04-20T09:34:32Z"}
{"level":"warning","msg":"No $CHART_REPOSITORY defined so using the default value of: http://jenkins-x-chartmuseum:8080\n","time":"2019-04-20T09:34:33Z"}
{"level":"info","msg":"Uploading chart file devopspringapp-0.0.1.tgz to http://jenkins-x-chartmuseum:8080/api/charts\n","time":"2019-04-20T09:34:33Z"}
{"level":"info","msg":"Received 201 response: {\"saved\":true}\n","time":"2019-04-20T09:34:33Z"}
Step: build-step-promote-**-promote:

{"level":"warning","msg":"prow based install so skip waiting for the merge of Pull Requests to go green as currently there is an issue with gettingstatuses from the PR, see https://github.com/jenkins-x/**/issues/2410","time":"2019-04-20T09:34:34Z"}
{"level":"info","msg":"Promoting app devopspringapp version 0.0.1 to namespace **-staging\n","time":"2019-04-20T09:34:34Z"}
{"level":"info","msg":"Created Pull Request: https://github.com/*********/environment-warlockisland-staging/pull/2\n\n","time":"2019-04-20T09:34:40Z"}
{"level":"info","msg":"Pull Request https://github.com/*********/environment-warlockisland-staging/pull/2 is merged at sha ac4e34b0e60c9b0614b021f4443cfe30fde70fab\n","time":"2019-04-20T09:36:07Z"}
{"level":"info","msg":"Pull Request merged but we are not waiting for the update pipeline to complete!","time":"2019-04-20T09:36:07Z"}
{"level":"warning","msg":"Could not find the service URL in namespace **-staging for names devopspringapp, **-devopspringapp, **-staging-devopspringapp\n","time":"2019-04-20T09:36:08Z"}
