Step: build-step-credential-initializer-9d5zq:

{"level":"warn","ts":1555791044.372245,"logger":"fallback-logger","caller":"logging/config.go:65","msg":"Fetch GitHub commit ID from kodata failed: \"ref: refs/heads/backport-container-name-fix\" is not a valid GitHub commit ID"}
{"level":"info","ts":1555791044.3729553,"logger":"fallback-logger","caller":"creds-init/main.go:40","msg":"Credentials initialized."}
Step: build-step-git-source-*********-devopspringapp-master-zpbks:

{"level":"warn","ts":1555791045.4180202,"logger":"fallback-logger","caller":"logging/config.go:65","msg":"Fetch GitHub commit ID from kodata failed: \"ref: refs/heads/backport-container-name-fix\" is not a valid GitHub commit ID"}
{"level":"info","ts":1555791046.6847022,"logger":"fallback-logger","caller":"git-init/main.go:99","msg":"Successfully cloned \"https://github.com/*********/devopspringapp\" @ \"v0.0.2\" in path \"/workspace/source\""}
Step: build-step-place-tools:

Step: build-step-git-merge:

Warning failed to load version: failed to parse version -dev+9e73adc0b: No Major.Minor.Patch elements found
time="2019-04-20T20:10:49Z" level=info msg="got "
Using SHAs from PULL_REFS=master:47111ef8d2fe0ad20ec90f8efb7c62ea4d4db52f
time="2019-04-20T20:10:49Z" level=warning msg="no SHAs to merge, falling back to initial cloned commit"
Step: build-step-setup-**-git-credentials:

{"level":"info","msg":"Generated Git credentials file /workspace/xdg_config/git/credentials\n","time":"2019-04-20T20:10:51Z"}
Step: build-step-build-mvn-deploy:

Picked up _JAVA_OPTIONS: -XX:+UnlockExperimentalVMOptions -XX:+UseCGroupMemoryLimitForHeap -Dsun.zip.disableMemoryMapping=true -XX:+UseParallelGC -XX:MinHeapFreeRatio=5 -XX:MaxHeapFreeRatio=10 -XX:GCTimeRatio=4 -XX:AdaptiveSizePolicyWeight=90 -Xms10m -Xmx192m
OpenJDK 64-Bit Server VM warning: If the number of processors is expected to increase from one, then you should configure the number of parallel GC threads appropriately using -XX:ParallelGCThreads=N
[INFO] Scanning for projects...
[INFO] 
[INFO] ---------------------< com.example:devopspringapp >---------------------
[INFO] Building demo 0.0.2
[INFO] --------------------------------[ jar ]---------------------------------
[INFO] 
[INFO] --- maven-clean-plugin:3.1.0:clean (default-clean) @ devopspringapp ---
[INFO] 
[INFO] --- maven-resources-plugin:3.1.0:resources (default-resources) @ devopspringapp ---
[INFO] Using 'UTF-8' encoding to copy filtered resources.
[INFO] Copying 1 resource
[INFO] Copying 1 resource
[INFO] 
[INFO] --- maven-compiler-plugin:3.8.0:compile (default-compile) @ devopspringapp ---
[INFO] Nothing to compile - all classes are up to date
[INFO] 
[INFO] --- kotlin-maven-plugin:1.2.71:compile (compile) @ devopspringapp ---
[INFO] Applied plugin: 'spring'
[INFO] 
[INFO] --- maven-resources-plugin:3.1.0:testResources (default-testResources) @ devopspringapp ---
[INFO] Using 'UTF-8' encoding to copy filtered resources.
[INFO] skip non existing resourceDirectory /workspace/source/src/test/resources
[INFO] 
[INFO] --- maven-compiler-plugin:3.8.0:testCompile (default-testCompile) @ devopspringapp ---
[INFO] Nothing to compile - all classes are up to date
[INFO] 
[INFO] --- kotlin-maven-plugin:1.2.71:test-compile (test-compile) @ devopspringapp ---
[WARNING] Source root doesn't exist: /workspace/source/target/generated-test-sources/test-annotations
[INFO] Applied plugin: 'spring'
[INFO] 
[INFO] --- maven-surefire-plugin:3.0.0-M1:test (default-test) @ devopspringapp ---
[INFO] 
[INFO] -------------------------------------------------------
[INFO]  T E S T S
[INFO] -------------------------------------------------------
[INFO] Running com.example.devopspringapp.DemoApplicationTests
20:11:17.926 [main] DEBUG org.springframework.test.context.junit4.SpringJUnit4ClassRunner - SpringJUnit4ClassRunner constructor called with [class com.example.devopspringapp.DemoApplicationTests]
20:11:17.933 [main] DEBUG org.springframework.test.context.BootstrapUtils - Instantiating CacheAwareContextLoaderDelegate from class [org.springframework.test.context.cache.DefaultCacheAwareContextLoaderDelegate]
20:11:17.946 [main] DEBUG org.springframework.test.context.BootstrapUtils - Instantiating BootstrapContext using constructor [public org.springframework.test.context.support.DefaultBootstrapContext(java.lang.Class,org.springframework.test.context.CacheAwareContextLoaderDelegate)]
20:11:17.978 [main] DEBUG org.springframework.test.context.BootstrapUtils - Instantiating TestContextBootstrapper for test class [com.example.devopspringapp.DemoApplicationTests] from class [org.springframework.boot.test.context.SpringBootTestContextBootstrapper]
20:11:18.010 [main] INFO org.springframework.boot.test.context.SpringBootTestContextBootstrapper - Neither @ContextConfiguration nor @ContextHierarchy found for test class [com.example.devopspringapp.DemoApplicationTests], using SpringBootContextLoader
20:11:18.018 [main] DEBUG org.springframework.test.context.support.AbstractContextLoader - Did not detect default resource location for test class [com.example.devopspringapp.DemoApplicationTests]: class path resource [com/example/devopspringapp/DemoApplicationTests-context.xml] does not exist
20:11:18.020 [main] DEBUG org.springframework.test.context.support.AbstractContextLoader - Did not detect default resource location for test class [com.example.devopspringapp.DemoApplicationTests]: class path resource [com/example/devopspringapp/DemoApplicationTestsContext.groovy] does not exist
20:11:18.021 [main] INFO org.springframework.test.context.support.AbstractContextLoader - Could not detect default resource locations for test class [com.example.devopspringapp.DemoApplicationTests]: no resource found for suffixes {-context.xml, Context.groovy}.
20:11:18.034 [main] INFO org.springframework.test.context.support.AnnotationConfigContextLoaderUtils - Could not detect default configuration classes for test class [com.example.devopspringapp.DemoApplicationTests]: DemoApplicationTests does not declare any static, non-private, non-final, nested classes annotated with @Configuration.
20:11:18.127 [main] DEBUG org.springframework.test.context.support.ActiveProfilesUtils - Could not find an 'annotation declaring class' for annotation type [org.springframework.test.context.ActiveProfiles] and class [com.example.devopspringapp.DemoApplicationTests]
20:11:18.298 [main] DEBUG org.springframework.context.annotation.ClassPathScanningCandidateComponentProvider - Identified candidate component class: file [/workspace/source/target/classes/com/example/devopspringapp/DemoApplication.class]
20:11:18.303 [main] INFO org.springframework.boot.test.context.SpringBootTestContextBootstrapper - Found @SpringBootConfiguration com.example.devopspringapp.DemoApplication for test class com.example.devopspringapp.DemoApplicationTests
20:11:18.510 [main] DEBUG org.springframework.boot.test.context.SpringBootTestContextBootstrapper - @TestExecutionListeners is not present for class [com.example.devopspringapp.DemoApplicationTests]: using defaults.
20:11:18.511 [main] INFO org.springframework.boot.test.context.SpringBootTestContextBootstrapper - Loaded default TestExecutionListener class names from location [META-INF/spring.factories]: [org.springframework.boot.test.mock.mockito.MockitoTestExecutionListener, org.springframework.boot.test.mock.mockito.ResetMocksTestExecutionListener, org.springframework.boot.test.autoconfigure.restdocs.RestDocsTestExecutionListener, org.springframework.boot.test.autoconfigure.web.client.MockRestServiceServerResetTestExecutionListener, org.springframework.boot.test.autoconfigure.web.servlet.MockMvcPrintOnlyOnFailureTestExecutionListener, org.springframework.boot.test.autoconfigure.web.servlet.WebDriverTestExecutionListener, org.springframework.test.context.web.ServletTestExecutionListener, org.springframework.test.context.support.DirtiesContextBeforeModesTestExecutionListener, org.springframework.test.context.support.DependencyInjectionTestExecutionListener, org.springframework.test.context.support.DirtiesContextTestExecutionListener, org.springframework.test.context.transaction.TransactionalTestExecutionListener, org.springframework.test.context.jdbc.SqlScriptsTestExecutionListener]
20:11:18.526 [main] DEBUG org.springframework.boot.test.context.SpringBootTestContextBootstrapper - Skipping candidate TestExecutionListener [org.springframework.test.context.transaction.TransactionalTestExecutionListener] due to a missing dependency. Specify custom listener classes or make the default listener classes and their required dependencies available. Offending class: [org/springframework/transaction/TransactionDefinition]
20:11:18.526 [main] DEBUG org.springframework.boot.test.context.SpringBootTestContextBootstrapper - Skipping candidate TestExecutionListener [org.springframework.test.context.jdbc.SqlScriptsTestExecutionListener] due to a missing dependency. Specify custom listener classes or make the default listener classes and their required dependencies available. Offending class: [org/springframework/transaction/interceptor/TransactionAttribute]
20:11:18.527 [main] INFO org.springframework.boot.test.context.SpringBootTestContextBootstrapper - Using TestExecutionListeners: [org.springframework.test.context.web.ServletTestExecutionListener@4a94ee4, org.springframework.test.context.support.DirtiesContextBeforeModesTestExecutionListener@4cc451f2, org.springframework.boot.test.mock.mockito.MockitoTestExecutionListener@6379eb, org.springframework.boot.test.autoconfigure.SpringBootDependencyInjectionTestExecutionListener@294425a7, org.springframework.test.context.support.DirtiesContextTestExecutionListener@67d48005, org.springframework.boot.test.mock.mockito.ResetMocksTestExecutionListener@9f116cc, org.springframework.boot.test.autoconfigure.restdocs.RestDocsTestExecutionListener@12468a38, org.springframework.boot.test.autoconfigure.web.client.MockRestServiceServerResetTestExecutionListener@1aa7ecca, org.springframework.boot.test.autoconfigure.web.servlet.MockMvcPrintOnlyOnFailureTestExecutionListener@59309333, org.springframework.boot.test.autoconfigure.web.servlet.WebDriverTestExecutionListener@5876a9af]
20:11:18.530 [main] DEBUG org.springframework.test.annotation.ProfileValueUtils - Retrieved @ProfileValueSourceConfiguration [null] for test class [com.example.devopspringapp.DemoApplicationTests]
20:11:18.533 [main] DEBUG org.springframework.test.annotation.ProfileValueUtils - Retrieved ProfileValueSource type [class org.springframework.test.annotation.SystemProfileValueSource] for class [com.example.devopspringapp.DemoApplicationTests]
20:11:18.536 [main] DEBUG org.springframework.test.annotation.ProfileValueUtils - Retrieved @ProfileValueSourceConfiguration [null] for test class [com.example.devopspringapp.DemoApplicationTests]
20:11:18.536 [main] DEBUG org.springframework.test.annotation.ProfileValueUtils - Retrieved ProfileValueSource type [class org.springframework.test.annotation.SystemProfileValueSource] for class [com.example.devopspringapp.DemoApplicationTests]
20:11:18.540 [main] DEBUG org.springframework.test.annotation.ProfileValueUtils - Retrieved @ProfileValueSourceConfiguration [null] for test class [com.example.devopspringapp.DemoApplicationTests]
20:11:18.540 [main] DEBUG org.springframework.test.annotation.ProfileValueUtils - Retrieved ProfileValueSource type [class org.springframework.test.annotation.SystemProfileValueSource] for class [com.example.devopspringapp.DemoApplicationTests]
20:11:18.547 [main] DEBUG org.springframework.test.context.support.AbstractDirtiesContextTestExecutionListener - Before test class: context [DefaultTestContext@74fe5c40 testClass = DemoApplicationTests, testInstance = [null], testMethod = [null], testException = [null], mergedContextConfiguration = [WebMergedContextConfiguration@3febb011 testClass = DemoApplicationTests, locations = '{}', classes = '{class com.example.devopspringapp.DemoApplication}', contextInitializerClasses = '[]', activeProfiles = '{}', propertySourceLocations = '{}', propertySourceProperties = '{org.springframework.boot.test.context.SpringBootTestContextBootstrapper=true}', contextCustomizers = set[org.springframework.boot.test.context.filter.ExcludeFilterContextCustomizer@3d921e20, org.springframework.boot.test.json.DuplicateJsonObjectContextCustomizerFactory$DuplicateJsonObjectContextCustomizer@1a1d6a08, org.springframework.boot.test.mock.mockito.MockitoContextCustomizer@0, org.springframework.boot.test.web.client.TestRestTemplateContextCustomizer@12cdcf4, org.springframework.boot.test.web.reactive.server.WebTestClientContextCustomizer@46daef40, org.springframework.boot.test.autoconfigure.properties.PropertyMappingContextCustomizer@0, org.springframework.boot.test.autoconfigure.web.servlet.WebDriverContextCustomizerFactory$Customizer@462d5aee], resourceBasePath = 'src/main/webapp', contextLoader = 'org.springframework.boot.test.context.SpringBootContextLoader', parent = [null]], attributes = map['org.springframework.test.context.web.ServletTestExecutionListener.activateListener' -> true]], class annotated with @DirtiesContext [false] with mode [null].
20:11:18.548 [main] DEBUG org.springframework.test.annotation.ProfileValueUtils - Retrieved @ProfileValueSourceConfiguration [null] for test class [com.example.devopspringapp.DemoApplicationTests]
20:11:18.549 [main] DEBUG org.springframework.test.annotation.ProfileValueUtils - Retrieved ProfileValueSource type [class org.springframework.test.annotation.SystemProfileValueSource] for class [com.example.devopspringapp.DemoApplicationTests]
20:11:18.618 [main] DEBUG org.springframework.test.context.support.TestPropertySourceUtils - Adding inlined properties to environment: {spring.jmx.enabled=false, org.springframework.boot.test.context.SpringBootTestContextBootstrapper=true, server.port=-1}

  .   ____          _            __ _ _
 /\\ / ___'_ __ _ _(_)_ __  __ _ \ \ \ \
( ( )\___ | '_ | '_| | '_ \/ _` | \ \ \ \
 \\/  ___)| |_)| | | | | || (_| |  ) ) ) )
  '  |____| .__|_| |_|_| |_\__, | / / / /
 =========|_|==============|___/=/_/_/_/
 :: Spring Boot ::        (v2.1.4.RELEASE)

2019-04-20 20:11:19.365  INFO 81 --- [           main] c.e.devopspringapp.DemoApplicationTests  : Starting DemoApplicationTests on *********-devopspringapp-master-2-from-build-pack-pkknd-pod-d47 with PID 81 (started by root in /workspace/source)
2019-04-20 20:11:19.371  INFO 81 --- [           main] c.e.devopspringapp.DemoApplicationTests  : No active profile set, falling back to default profiles: default
2019-04-20 20:11:25.312  INFO 81 --- [           main] o.s.s.concurrent.ThreadPoolTaskExecutor  : Initializing ExecutorService 'applicationTaskExecutor'
2019-04-20 20:11:27.524  INFO 81 --- [           main] o.s.b.a.e.web.EndpointLinksResolver      : Exposing 2 endpoint(s) beneath base path '/actuator'
2019-04-20 20:11:27.654  INFO 81 --- [           main] c.e.devopspringapp.DemoApplicationTests  : Started DemoApplicationTests in 9.02 seconds (JVM running for 10.405)
[INFO] Tests run: 1, Failures: 0, Errors: 0, Skipped: 0, Time elapsed: 10.27 s - in com.example.devopspringapp.DemoApplicationTests
2019-04-20 20:11:28.051  INFO 81 --- [       Thread-2] o.s.s.concurrent.ThreadPoolTaskExecutor  : Shutting down ExecutorService 'applicationTaskExecutor'
[INFO] 
[INFO] Results:
[INFO] 
[INFO] Tests run: 1, Failures: 0, Errors: 0, Skipped: 0
[INFO] 
[INFO] 
[INFO] --- maven-jar-plugin:3.1.1:jar (default-jar) @ devopspringapp ---
[INFO] Building jar: /workspace/source/target/devopspringapp-0.0.2.jar
[INFO] 
[INFO] --- spring-boot-maven-plugin:2.1.4.RELEASE:repackage (repackage) @ devopspringapp ---
[INFO] Replacing main artifact with repackaged archive
[INFO] 
[INFO] --- maven-install-plugin:2.5.2:install (default-install) @ devopspringapp ---
[INFO] Installing /workspace/source/target/devopspringapp-0.0.2.jar to /root/.mvnrepository/com/example/devopspringapp/0.0.2/devopspringapp-0.0.2.jar
[INFO] Installing /workspace/source/pom.xml to /root/.mvnrepository/com/example/devopspringapp/0.0.2/devopspringapp-0.0.2.pom
[INFO] 
[INFO] --- maven-deploy-plugin:2.8.2:deploy (default-deploy) @ devopspringapp ---
[INFO] Using alternate deployment repository nexus::default::http://nexus/repository/maven-releases/
[INFO] ------------------------------------------------------------------------
[INFO] BUILD SUCCESS
[INFO] ------------------------------------------------------------------------
[INFO] Total time: 36.594 s
[INFO] Finished at: 2019-04-20T20:11:32Z
[INFO] ------------------------------------------------------------------------
Step: build-step-build-skaffold-version:

v0.26.0
Step: build-step-build-container-build:

[36mINFO[0m[0000] Downloading base image openjdk:8-jdk-slim    
ERROR: logging before flag.Parse: E0420 20:11:36.393229       9 metadata.go:159] while reading 'google-dockercfg-url' metadata: http status code: 404 while fetching url http://metadata.google.internal./computeMetadata/v1/instance/attributes/google-dockercfg-url
ERROR: logging before flag.Parse: E0420 20:11:36.414362       9 metadata.go:142] while reading 'google-dockercfg' metadata: http status code: 404 while fetching url http://metadata.google.internal./computeMetadata/v1/instance/attributes/google-dockercfg
2019/04/20 20:11:36 No matching credentials were found, falling back on anonymous
[36mINFO[0m[0002] Error while retrieving image from cache: getting file info: stat /workspace/sha256:5b775869f9de8083dac219760c64ced22d0b6c31545244b1ef63837e5a9c5507: no such file or directory 
[36mINFO[0m[0002] Downloading base image openjdk:8-jdk-slim    
2019/04/20 20:11:38 No matching credentials were found, falling back on anonymous
[36mINFO[0m[0004] cmd: EXPOSE                                  
[36mINFO[0m[0004] Adding exposed port: 8080/tcp                
[36mINFO[0m[0004] Using files from context: [/workspace/source/pom.xml] 
[36mINFO[0m[0004] Using files from context: [/workspace/source/target/devopspringapp-0.0.2.jar] 
[36mINFO[0m[0004] Skipping unpacking as no commands require it. 
[36mINFO[0m[0004] Taking snapshot of full filesystem...        
[36mINFO[0m[0004] ENV PORT 8080                                
[36mINFO[0m[0004] No files changed in this command, skipping snapshotting. 
[36mINFO[0m[0004] ENV CLASSPATH /opt/lib                       
[36mINFO[0m[0004] No files changed in this command, skipping snapshotting. 
[36mINFO[0m[0004] EXPOSE 8080                                  
[36mINFO[0m[0004] cmd: EXPOSE                                  
[36mINFO[0m[0004] Adding exposed port: 8080/tcp                
[36mINFO[0m[0004] No files changed in this command, skipping snapshotting. 
[36mINFO[0m[0004] Using files from context: [/workspace/source/pom.xml] 
[36mINFO[0m[0004] COPY pom.xml target/lib* /opt/lib/           
[36mINFO[0m[0004] Taking snapshot of files...                  
[36mINFO[0m[0004] Using files from context: [/workspace/source/target/devopspringapp-0.0.2.jar] 
[36mINFO[0m[0004] COPY target/*.jar /opt/app.jar               
[36mINFO[0m[0004] Taking snapshot of files...                  
[36mINFO[0m[0004] WORKDIR /opt                                 
[36mINFO[0m[0004] cmd: workdir                                 
[36mINFO[0m[0004] Changed working directory to /opt            
[36mINFO[0m[0004] No files changed in this command, skipping snapshotting. 
[36mINFO[0m[0004] CMD ["java", "-XX:+UnlockExperimentalVMOptions", "-XX:+UseCGroupMemoryLimitForHeap", "-jar", "app.jar"] 
[36mINFO[0m[0004] No files changed in this command, skipping snapshotting. 
2019/04/20 20:11:41 existing blob: sha256:9019de9fce5f74bfb1abcbec71bbcb5c81916617cc4697889772607263281abc
2019/04/20 20:11:41 existing blob: sha256:27833a3ba0a545deda33bb01eaf95a14d05d43bf30bce9267d92d17f069fe897
2019/04/20 20:11:41 existing blob: sha256:16d944e3d00df7bedd2f9a6aa678132a1fb785f7d56b16fdf24c22d5c7c3b7a1
2019/04/20 20:11:41 existing blob: sha256:9b053055f644af725a07611b2e29b1d9aa52bf8bd04db344ca086794cbe523cb
2019/04/20 20:11:41 existing blob: sha256:1c80aca6b8ec87a87c2200276a5e098ed72ca708e8befa0b8951e019be98a90c
2019/04/20 20:11:41 pushed blob: sha256:33f647c48126c4a0e5dd29668d4d5cb58cc19f531c08645f3625f3507ea01176
2019/04/20 20:11:41 pushed blob: sha256:fa3e266930b2976e5e1a057c43bc849a4ef2e3859c33d29fcc65bfb24808de8e
2019/04/20 20:11:41 pushed blob: sha256:55b89bc055f1c6a15e8f3b57327760c973cd3dff72801fa582dfc8aeeb0506e5
2019/04/20 20:11:41 10.11.247.124:5000/*********/devopspringapp:0.0.2: digest: sha256:bd2ba915bacabfed8b8490fb9a97cbd987601a12b7d78068a59a579b7e607c79 size: 1403
Step: build-step-build-post-build:

{"level":"info","msg":"no CVE provider running in the current ** namespace so skip adding image to be analysed","time":"2019-04-20T20:11:43Z"}
Step: build-step-promote-changelog:

{"level":"info","msg":"Converted /workspace/source/charts/devopspringapp to an unshallow repository\n","time":"2019-04-20T20:11:48Z"}
{"level":"info","msg":"Generating change log from git ref 47111ef8d2fe0ad20ec90f8efb7c62ea4d4db52f =\u003e 6e3a889b9f93ebf9365b86ad54f27a7293405f0e\n","time":"2019-04-20T20:11:48Z"}
{"level":"warning","msg":"Failed to enrich commits with issues: User.jenkins.io \"\" is invalid: metadata.name: Required value: name or generateName is required\n","time":"2019-04-20T20:11:48Z"}
{"level":"warning","msg":"Failed to enrich commits with issues: User.jenkins.io \"\" is invalid: metadata.name: Required value: name or generateName is required\n","time":"2019-04-20T20:11:48Z"}
{"level":"info","msg":"Finding issues in commit messages using git format\n","time":"2019-04-20T20:11:48Z"}
{"level":"warning","msg":"No release found for *********/devopspringapp and tag v0.0.2 so creating a new release\n","time":"2019-04-20T20:11:49Z"}
{"level":"info","msg":"Updated the release information at https://github.com/*********/devopspringapp/releases/tag/v0.0.2\n","time":"2019-04-20T20:11:50Z"}
{"level":"info","msg":"generated: /workspace/source/charts/devopspringapp/templates/release.yaml\n","time":"2019-04-20T20:11:50Z"}
{"level":"info","msg":"Created Release devopspringapp-0-0-2 resource in namespace **\n","time":"2019-04-20T20:11:50Z"}
{"level":"info","msg":"Updating PipelineActivity *********-devopspringapp-master-2 with version 0.0.2\n","time":"2019-04-20T20:11:50Z"}
{"level":"info","msg":"Updated PipelineActivities *********-devopspringapp-master-2 with release notes URL: https://github.com/*********/devopspringapp/releases/tag/v0.0.2\n","time":"2019-04-20T20:11:50Z"}
Step: build-step-promote-helm-release:

{"level":"warning","msg":"No $CHART_REPOSITORY defined so using the default value of: http://jenkins-x-chartmuseum:8080\n","time":"2019-04-20T20:11:52Z"}
{"level":"info","msg":"Adding missing Helm repo: chartmuseum.jenkins-x.io http://chartmuseum.jenkins-x.io\n","time":"2019-04-20T20:11:54Z"}
{"level":"info","msg":"Successfully added Helm repository chartmuseum.jenkins-x.io.\n","time":"2019-04-20T20:11:57Z"}
{"level":"info","msg":"Adding missing Helm repo: jenkins-x-chartmuseum http://jenkins-x-chartmuseum:8080\n","time":"2019-04-20T20:11:57Z"}
{"level":"info","msg":"Successfully added Helm repository jenkins-x-chartmuseum.\n","time":"2019-04-20T20:11:57Z"}
{"level":"warning","msg":"No $CHART_REPOSITORY defined so using the default value of: http://jenkins-x-chartmuseum:8080\n","time":"2019-04-20T20:11:57Z"}
{"level":"info","msg":"Uploading chart file devopspringapp-0.0.2.tgz to http://jenkins-x-chartmuseum:8080/api/charts\n","time":"2019-04-20T20:11:57Z"}
{"level":"info","msg":"Received 201 response: {\"saved\":true}\n","time":"2019-04-20T20:11:57Z"}
Step: build-step-promote-**-promote:

{"level":"warning","msg":"prow based install so skip waiting for the merge of Pull Requests to go green as currently there is an issue with gettingstatuses from the PR, see https://github.com/jenkins-x/**/issues/2410","time":"2019-04-20T20:11:59Z"}
{"level":"info","msg":"Promoting app devopspringapp version 0.0.2 to namespace **-staging\n","time":"2019-04-20T20:11:59Z"}
{"level":"info","msg":"Created Pull Request: https://github.com/*********/environment-warlockisland-staging/pull/3\n\n","time":"2019-04-20T20:12:07Z"}
{"level":"info","msg":"Pull Request https://github.com/*********/environment-warlockisland-staging/pull/3 is merged at sha 7393b97bb9d793febf65c5134f8ca39b6b4719af\n","time":"2019-04-20T20:13:12Z"}
{"level":"info","msg":"Pull Request merged but we are not waiting for the update pipeline to complete!","time":"2019-04-20T20:13:12Z"}
